./EbgresRouter.cc
./performance/Performance_n.cc
./performance/Node.h
./performance/Performance.cc
./performance/Performance.h
./performance/SystemController.h
./performance/Node.cc
./performance/DataFileCreator.h
./performance/NodeData.cc
./performance/GraphFileCreator.h
./performance/NodeData.h
./EbgresNetwMessage_m.cc
./host/NodeInformation.h
./host/NodeInformation.cc
./NewEbgresNetwLayer.cc
./physical_layer/EbgresPhysicalLayer.h
./physical_layer/EbgresPhysicalLayer.cc
./EbgresPhyLayer.h
./configuration/Configuration.cc
./configuration/Configuration.h
./ebgresApplLayer.h
./Example.h
./EbgresApplLayerMessage_m.cc
./EbgresApplLayerMessage_m.h
./EbgresRouter.h
./NewEbgresNetwLayer.h
./ebgresApplLayer.cc
./EbgresNetwMessage_m.h
